Analysis & Synthesis report for cpu
Tue Sep 16 17:07:36 2025
Quartus Prime Version 23.1std.1 Build 993 05/14/2024 SC Lite Edition


---------------------
; Table of Contents ;
---------------------
  1. Legal Notice
  2. Analysis & Synthesis Summary
  3. Analysis & Synthesis Settings
  4. Parallel Compilation
  5. Analysis & Synthesis Source Files Read
  6. Analysis & Synthesis Resource Usage Summary
  7. Analysis & Synthesis Resource Utilization by Entity
  8. Analysis & Synthesis DSP Block Usage Summary
  9. State Machine - |cpu|FSM_test2:fsm2|state
 10. Registers Removed During Synthesis
 11. General Register Statistics
 12. Multiplexer Restructuring Statistics (Restructuring Performed)
 13. Parameter Settings for User Entity Instance: FSM_test2:fsm2
 14. Parameter Settings for User Entity Instance: alu:alu
 15. Port Connectivity Checks: "RegMux:RDstMux"
 16. Port Connectivity Checks: "RegMux:RSrcMux"
 17. Port Connectivity Checks: "RegBank:rb"
 18. Port Connectivity Checks: "FSM_test2:fsm2"
 19. Post-Synthesis Netlist Statistics for Top Partition
 20. Elapsed Time Per Partition
 21. Analysis & Synthesis Messages
 22. Analysis & Synthesis Suppressed Messages



----------------
; Legal Notice ;
----------------
Copyright (C) 2024  Intel Corporation. All rights reserved.
Your use of Intel Corporation's design tools, logic functions 
and other software and tools, and any partner logic 
functions, and any output files from any of the foregoing 
(including device programming or simulation files), and any 
associated documentation or information are expressly subject 
to the terms and conditions of the Intel Program License 
Subscription Agreement, the Intel Quartus Prime License Agreement,
the Intel FPGA IP License Agreement, or other applicable license
agreement, including, without limitation, that your use is for
the sole purpose of programming logic devices manufactured by
Intel and sold by Intel or its authorized distributors.  Please
refer to the applicable agreement for further details, at
https://fpgasoftware.intel.com/eula.



+----------------------------------------------------------------------------------+
; Analysis & Synthesis Summary                                                     ;
+---------------------------------+------------------------------------------------+
; Analysis & Synthesis Status     ; Successful - Tue Sep 16 17:07:36 2025          ;
; Quartus Prime Version           ; 23.1std.1 Build 993 05/14/2024 SC Lite Edition ;
; Revision Name                   ; cpu                                            ;
; Top-level Entity Name           ; cpu                                            ;
; Family                          ; Cyclone V                                      ;
; Logic utilization (in ALMs)     ; N/A                                            ;
; Total registers                 ; 104                                            ;
; Total pins                      ; 36                                             ;
; Total virtual pins              ; 0                                              ;
; Total block memory bits         ; 0                                              ;
; Total DSP Blocks                ; 1                                              ;
; Total HSSI RX PCSs              ; 0                                              ;
; Total HSSI PMA RX Deserializers ; 0                                              ;
; Total HSSI TX PCSs              ; 0                                              ;
; Total HSSI PMA TX Serializers   ; 0                                              ;
; Total PLLs                      ; 0                                              ;
; Total DLLs                      ; 0                                              ;
+---------------------------------+------------------------------------------------+


+---------------------------------------------------------------------------------------------------------------------------+
; Analysis & Synthesis Settings                                                                                             ;
+---------------------------------------------------------------------------------+--------------------+--------------------+
; Option                                                                          ; Setting            ; Default Value      ;
+---------------------------------------------------------------------------------+--------------------+--------------------+
; Device                                                                          ; 5CSEMA5F31C6       ;                    ;
; Top-level entity name                                                           ; cpu                ; cpu                ;
; Family name                                                                     ; Cyclone V          ; Cyclone V          ;
; Use smart compilation                                                           ; Off                ; Off                ;
; Enable parallel Assembler and Timing Analyzer during compilation                ; On                 ; On                 ;
; Enable compact report table                                                     ; Off                ; Off                ;
; Restructure Multiplexers                                                        ; Auto               ; Auto               ;
; MLAB Add Timing Constraints For Mixed-Port Feed-Through Mode Setting Don't Care ; Off                ; Off                ;
; Create Debugging Nodes for IP Cores                                             ; Off                ; Off                ;
; Preserve fewer node names                                                       ; On                 ; On                 ;
; Intel FPGA IP Evaluation Mode                                                   ; Enable             ; Enable             ;
; Verilog Version                                                                 ; Verilog_2001       ; Verilog_2001       ;
; VHDL Version                                                                    ; VHDL_1993          ; VHDL_1993          ;
; State Machine Processing                                                        ; Auto               ; Auto               ;
; Safe State Machine                                                              ; Off                ; Off                ;
; Extract Verilog State Machines                                                  ; On                 ; On                 ;
; Extract VHDL State Machines                                                     ; On                 ; On                 ;
; Ignore Verilog initial constructs                                               ; Off                ; Off                ;
; Iteration limit for constant Verilog loops                                      ; 5000               ; 5000               ;
; Iteration limit for non-constant Verilog loops                                  ; 250                ; 250                ;
; Add Pass-Through Logic to Inferred RAMs                                         ; On                 ; On                 ;
; Infer RAMs from Raw Logic                                                       ; On                 ; On                 ;
; Parallel Synthesis                                                              ; On                 ; On                 ;
; DSP Block Balancing                                                             ; Auto               ; Auto               ;
; NOT Gate Push-Back                                                              ; On                 ; On                 ;
; Power-Up Don't Care                                                             ; On                 ; On                 ;
; Remove Redundant Logic Cells                                                    ; Off                ; Off                ;
; Remove Duplicate Registers                                                      ; On                 ; On                 ;
; Ignore CARRY Buffers                                                            ; Off                ; Off                ;
; Ignore CASCADE Buffers                                                          ; Off                ; Off                ;
; Ignore GLOBAL Buffers                                                           ; Off                ; Off                ;
; Ignore ROW GLOBAL Buffers                                                       ; Off                ; Off                ;
; Ignore LCELL Buffers                                                            ; Off                ; Off                ;
; Ignore SOFT Buffers                                                             ; On                 ; On                 ;
; Limit AHDL Integers to 32 Bits                                                  ; Off                ; Off                ;
; Optimization Technique                                                          ; Balanced           ; Balanced           ;
; Carry Chain Length                                                              ; 70                 ; 70                 ;
; Auto Carry Chains                                                               ; On                 ; On                 ;
; Auto Open-Drain Pins                                                            ; On                 ; On                 ;
; Perform WYSIWYG Primitive Resynthesis                                           ; Off                ; Off                ;
; Auto ROM Replacement                                                            ; On                 ; On                 ;
; Auto RAM Replacement                                                            ; On                 ; On                 ;
; Auto DSP Block Replacement                                                      ; On                 ; On                 ;
; Auto Shift Register Replacement                                                 ; Auto               ; Auto               ;
; Allow Shift Register Merging across Hierarchies                                 ; Auto               ; Auto               ;
; Auto Clock Enable Replacement                                                   ; On                 ; On                 ;
; Strict RAM Replacement                                                          ; Off                ; Off                ;
; Allow Synchronous Control Signals                                               ; On                 ; On                 ;
; Force Use of Synchronous Clear Signals                                          ; Off                ; Off                ;
; Auto Resource Sharing                                                           ; Off                ; Off                ;
; Allow Any RAM Size For Recognition                                              ; Off                ; Off                ;
; Allow Any ROM Size For Recognition                                              ; Off                ; Off                ;
; Allow Any Shift Register Size For Recognition                                   ; Off                ; Off                ;
; Use LogicLock Constraints during Resource Balancing                             ; On                 ; On                 ;
; Ignore translate_off and synthesis_off directives                               ; Off                ; Off                ;
; Timing-Driven Synthesis                                                         ; On                 ; On                 ;
; Report Parameter Settings                                                       ; On                 ; On                 ;
; Report Source Assignments                                                       ; On                 ; On                 ;
; Report Connectivity Checks                                                      ; On                 ; On                 ;
; Ignore Maximum Fan-Out Assignments                                              ; Off                ; Off                ;
; Synchronization Register Chain Length                                           ; 3                  ; 3                  ;
; Power Optimization During Synthesis                                             ; Normal compilation ; Normal compilation ;
; HDL message level                                                               ; Level2             ; Level2             ;
; Suppress Register Optimization Related Messages                                 ; Off                ; Off                ;
; Number of Removed Registers Reported in Synthesis Report                        ; 5000               ; 5000               ;
; Number of Swept Nodes Reported in Synthesis Report                              ; 5000               ; 5000               ;
; Number of Inverted Registers Reported in Synthesis Report                       ; 100                ; 100                ;
; Clock MUX Protection                                                            ; On                 ; On                 ;
; Auto Gated Clock Conversion                                                     ; Off                ; Off                ;
; Block Design Naming                                                             ; Auto               ; Auto               ;
; SDC constraint protection                                                       ; Off                ; Off                ;
; Synthesis Effort                                                                ; Auto               ; Auto               ;
; Shift Register Replacement - Allow Asynchronous Clear Signal                    ; On                 ; On                 ;
; Pre-Mapping Resynthesis Optimization                                            ; Off                ; Off                ;
; Analysis & Synthesis Message Level                                              ; Medium             ; Medium             ;
; Disable Register Merging Across Hierarchies                                     ; Auto               ; Auto               ;
; Resource Aware Inference For Block RAM                                          ; On                 ; On                 ;
; Automatic Parallel Synthesis                                                    ; On                 ; On                 ;
; Partial Reconfiguration Bitstream ID                                            ; Off                ; Off                ;
+---------------------------------------------------------------------------------+--------------------+--------------------+


+------------------------------------------+
; Parallel Compilation                     ;
+----------------------------+-------------+
; Processors                 ; Number      ;
+----------------------------+-------------+
; Number detected on machine ; 8           ;
; Maximum allowed            ; 4           ;
;                            ;             ;
; Average used               ; 1.00        ;
; Maximum used               ; 4           ;
;                            ;             ;
; Usage by Processor         ; % Time Used ;
;     Processor 1            ; 100.0%      ;
;     Processors 2-4         ;   0.0%      ;
+----------------------------+-------------+


+----------------------------------------------------------------------------------------------------------------------------------------+
; Analysis & Synthesis Source Files Read                                                                                                 ;
+----------------------------------+-----------------+------------------------+------------------------------------------------+---------+
; File Name with User-Entered Path ; Used in Netlist ; File Type              ; File Name with Absolute Path                   ; Library ;
+----------------------------------+-----------------+------------------------+------------------------------------------------+---------+
; Mux.v                            ; yes             ; User Verilog HDL File  ; C:/ECE/ECE 3710/GFlipFlops/CPU/Mux.v           ;         ;
; regfile.v                        ; yes             ; User Verilog HDL File  ; C:/ECE/ECE 3710/GFlipFlops/CPU/regfile.v       ;         ;
; seven_seg_hex.v                  ; yes             ; User Verilog HDL File  ; C:/ECE/ECE 3710/GFlipFlops/CPU/seven_seg_hex.v ;         ;
; cpu.v                            ; yes             ; User Verilog HDL File  ; C:/ECE/ECE 3710/GFlipFlops/CPU/cpu.v           ;         ;
; alu.v                            ; yes             ; User Verilog HDL File  ; C:/ECE/ECE 3710/GFlipFlops/CPU/alu.v           ;         ;
; FSM_test2.v                      ; yes             ; User Verilog HDL File  ; C:/ECE/ECE 3710/GFlipFlops/CPU/FSM_test2.v     ;         ;
; twoInputMuxv.v                   ; yes             ; User Verilog HDL File  ; C:/ECE/ECE 3710/GFlipFlops/CPU/twoInputMuxv.v  ;         ;
+----------------------------------+-----------------+------------------------+------------------------------------------------+---------+


+---------------------------------------------------------+
; Analysis & Synthesis Resource Usage Summary             ;
+---------------------------------------------+-----------+
; Resource                                    ; Usage     ;
+---------------------------------------------+-----------+
; Estimate of Logic utilization (ALMs needed) ; 174       ;
;                                             ;           ;
; Combinational ALUT usage for logic          ; 251       ;
;     -- 7 input functions                    ; 2         ;
;     -- 6 input functions                    ; 86        ;
;     -- 5 input functions                    ; 67        ;
;     -- 4 input functions                    ; 63        ;
;     -- <=3 input functions                  ; 33        ;
;                                             ;           ;
; Dedicated logic registers                   ; 104       ;
;                                             ;           ;
; I/O pins                                    ; 36        ;
;                                             ;           ;
; Total DSP Blocks                            ; 1         ;
;                                             ;           ;
; Maximum fan-out node                        ; clk~input ;
; Maximum fan-out                             ; 104       ;
; Total fan-out                               ; 1617      ;
; Average fan-out                             ; 3.78      ;
+---------------------------------------------+-----------+


+-----------------------------------------------------------------------------------------------------------------------------------------------------------------------------------------------------+
; Analysis & Synthesis Resource Utilization by Entity                                                                                                                                                 ;
+----------------------------+---------------------+---------------------------+-------------------+------------+------+--------------+--------------------------------+---------------+--------------+
; Compilation Hierarchy Node ; Combinational ALUTs ; Dedicated Logic Registers ; Block Memory Bits ; DSP Blocks ; Pins ; Virtual Pins ; Full Hierarchy Name            ; Entity Name   ; Library Name ;
+----------------------------+---------------------+---------------------------+-------------------+------------+------+--------------+--------------------------------+---------------+--------------+
; |cpu                       ; 251 (0)             ; 104 (0)                   ; 0                 ; 1          ; 36   ; 0            ; |cpu                           ; cpu           ; work         ;
;    |FSM_test2:fsm2|        ; 12 (12)             ; 8 (8)                     ; 0                 ; 0          ; 0    ; 0            ; |cpu|FSM_test2:fsm2            ; FSM_test2     ; work         ;
;    |RegBank:rb|            ; 0 (0)               ; 96 (0)                    ; 0                 ; 0          ; 0    ; 0            ; |cpu|RegBank:rb                ; RegBank       ; work         ;
;       |Register:Inst1|     ; 0 (0)               ; 16 (16)                   ; 0                 ; 0          ; 0    ; 0            ; |cpu|RegBank:rb|Register:Inst1 ; Register      ; work         ;
;       |Register:Inst2|     ; 0 (0)               ; 16 (16)                   ; 0                 ; 0          ; 0    ; 0            ; |cpu|RegBank:rb|Register:Inst2 ; Register      ; work         ;
;       |Register:Inst3|     ; 0 (0)               ; 16 (16)                   ; 0                 ; 0          ; 0    ; 0            ; |cpu|RegBank:rb|Register:Inst3 ; Register      ; work         ;
;       |Register:Inst4|     ; 0 (0)               ; 16 (16)                   ; 0                 ; 0          ; 0    ; 0            ; |cpu|RegBank:rb|Register:Inst4 ; Register      ; work         ;
;       |Register:Inst5|     ; 0 (0)               ; 16 (16)                   ; 0                 ; 0          ; 0    ; 0            ; |cpu|RegBank:rb|Register:Inst5 ; Register      ; work         ;
;       |Register:Inst6|     ; 0 (0)               ; 16 (16)                   ; 0                 ; 0          ; 0    ; 0            ; |cpu|RegBank:rb|Register:Inst6 ; Register      ; work         ;
;    |RegMux:RDstMux|        ; 36 (36)             ; 0 (0)                     ; 0                 ; 0          ; 0    ; 0            ; |cpu|RegMux:RDstMux            ; RegMux        ; work         ;
;    |TwoInputMux:immMux|    ; 32 (32)             ; 0 (0)                     ; 0                 ; 0          ; 0    ; 0            ; |cpu|TwoInputMux:immMux        ; TwoInputMux   ; work         ;
;    |alu:alu|               ; 143 (143)           ; 0 (0)                     ; 0                 ; 1          ; 0    ; 0            ; |cpu|alu:alu                   ; alu           ; work         ;
;    |seven_seg_hex:a|       ; 7 (7)               ; 0 (0)                     ; 0                 ; 0          ; 0    ; 0            ; |cpu|seven_seg_hex:a           ; seven_seg_hex ; work         ;
;    |seven_seg_hex:b|       ; 7 (7)               ; 0 (0)                     ; 0                 ; 0          ; 0    ; 0            ; |cpu|seven_seg_hex:b           ; seven_seg_hex ; work         ;
;    |seven_seg_hex:c|       ; 7 (7)               ; 0 (0)                     ; 0                 ; 0          ; 0    ; 0            ; |cpu|seven_seg_hex:c           ; seven_seg_hex ; work         ;
;    |seven_seg_hex:d|       ; 7 (7)               ; 0 (0)                     ; 0                 ; 0          ; 0    ; 0            ; |cpu|seven_seg_hex:d           ; seven_seg_hex ; work         ;
+----------------------------+---------------------+---------------------------+-------------------+------------+------+--------------+--------------------------------+---------------+--------------+
Note: For table entries with two numbers listed, the numbers in parentheses indicate the number of resources of the given type used by the specific entity alone. The numbers listed outside of parentheses indicate the total resources of the given type used by the specific entity and all of its sub-entities in the hierarchy.


+-----------------------------------------------+
; Analysis & Synthesis DSP Block Usage Summary  ;
+---------------------------------+-------------+
; Statistic                       ; Number Used ;
+---------------------------------+-------------+
; Two Independent 18x18           ; 1           ;
; Total number of DSP blocks      ; 1           ;
;                                 ;             ;
; Fixed Point Unsigned Multiplier ; 1           ;
+---------------------------------+-------------+


Encoding Type:  One-Hot
+--------------------------------------------------------------------------------------------------+
; State Machine - |cpu|FSM_test2:fsm2|state                                                        ;
+----------+----------+----------+----------+----------+----------+----------+----------+----------+
; Name     ; state.S7 ; state.S6 ; state.S5 ; state.S4 ; state.S3 ; state.S2 ; state.S1 ; state.S0 ;
+----------+----------+----------+----------+----------+----------+----------+----------+----------+
; state.S0 ; 0        ; 0        ; 0        ; 0        ; 0        ; 0        ; 0        ; 0        ;
; state.S1 ; 0        ; 0        ; 0        ; 0        ; 0        ; 0        ; 1        ; 1        ;
; state.S2 ; 0        ; 0        ; 0        ; 0        ; 0        ; 1        ; 0        ; 1        ;
; state.S3 ; 0        ; 0        ; 0        ; 0        ; 1        ; 0        ; 0        ; 1        ;
; state.S4 ; 0        ; 0        ; 0        ; 1        ; 0        ; 0        ; 0        ; 1        ;
; state.S5 ; 0        ; 0        ; 1        ; 0        ; 0        ; 0        ; 0        ; 1        ;
; state.S6 ; 0        ; 1        ; 0        ; 0        ; 0        ; 0        ; 0        ; 1        ;
; state.S7 ; 1        ; 0        ; 0        ; 0        ; 0        ; 0        ; 0        ; 1        ;
+----------+----------+----------+----------+----------+----------+----------+----------+----------+


+--------------------------------------------------------------------------------------+
; Registers Removed During Synthesis                                                   ;
+-----------------------------------------+--------------------------------------------+
; Register name                           ; Reason for Removal                         ;
+-----------------------------------------+--------------------------------------------+
; RegBank:rb|Register:Inst15|r[0..15]     ; Lost fanout                                ;
; RegBank:rb|Register:Inst14|r[0..15]     ; Lost fanout                                ;
; RegBank:rb|Register:Inst13|r[0..15]     ; Lost fanout                                ;
; RegBank:rb|Register:Inst12|r[0..15]     ; Lost fanout                                ;
; RegBank:rb|Register:Inst11|r[0..15]     ; Lost fanout                                ;
; RegBank:rb|Register:Inst10|r[0..15]     ; Lost fanout                                ;
; RegBank:rb|Register:Inst9|r[0..15]      ; Lost fanout                                ;
; RegBank:rb|Register:Inst0|r[2,6]        ; Merged with RegBank:rb|Register:Inst7|r[0] ;
; RegBank:rb|Register:Inst7|r[10]         ; Merged with RegBank:rb|Register:Inst7|r[0] ;
; RegBank:rb|Register:Inst0|r[0,10]       ; Merged with RegBank:rb|Register:Inst7|r[0] ;
; RegBank:rb|Register:Inst7|r[8]          ; Merged with RegBank:rb|Register:Inst7|r[0] ;
; RegBank:rb|Register:Inst0|r[4]          ; Merged with RegBank:rb|Register:Inst7|r[0] ;
; RegBank:rb|Register:Inst7|r[4]          ; Merged with RegBank:rb|Register:Inst7|r[0] ;
; RegBank:rb|Register:Inst0|r[8]          ; Merged with RegBank:rb|Register:Inst7|r[0] ;
; RegBank:rb|Register:Inst7|r[12]         ; Merged with RegBank:rb|Register:Inst7|r[0] ;
; RegBank:rb|Register:Inst0|r[12,15]      ; Merged with RegBank:rb|Register:Inst7|r[0] ;
; RegBank:rb|Register:Inst7|r[7]          ; Merged with RegBank:rb|Register:Inst7|r[0] ;
; RegBank:rb|Register:Inst0|r[1]          ; Merged with RegBank:rb|Register:Inst7|r[0] ;
; RegBank:rb|Register:Inst7|r[3]          ; Merged with RegBank:rb|Register:Inst7|r[0] ;
; RegBank:rb|Register:Inst0|r[3]          ; Merged with RegBank:rb|Register:Inst7|r[0] ;
; RegBank:rb|Register:Inst7|r[9]          ; Merged with RegBank:rb|Register:Inst7|r[0] ;
; RegBank:rb|Register:Inst0|r[5]          ; Merged with RegBank:rb|Register:Inst7|r[0] ;
; RegBank:rb|Register:Inst7|r[1]          ; Merged with RegBank:rb|Register:Inst7|r[0] ;
; RegBank:rb|Register:Inst0|r[7]          ; Merged with RegBank:rb|Register:Inst7|r[0] ;
; RegBank:rb|Register:Inst7|r[11]         ; Merged with RegBank:rb|Register:Inst7|r[0] ;
; RegBank:rb|Register:Inst0|r[9]          ; Merged with RegBank:rb|Register:Inst7|r[0] ;
; RegBank:rb|Register:Inst7|r[5]          ; Merged with RegBank:rb|Register:Inst7|r[0] ;
; RegBank:rb|Register:Inst0|r[11]         ; Merged with RegBank:rb|Register:Inst7|r[0] ;
; RegBank:rb|Register:Inst7|r[13,15]      ; Merged with RegBank:rb|Register:Inst7|r[0] ;
; RegBank:rb|Register:Inst0|r[13]         ; Merged with RegBank:rb|Register:Inst7|r[0] ;
; RegBank:rb|Register:Inst7|r[2,6,14]     ; Merged with RegBank:rb|Register:Inst7|r[0] ;
; RegBank:rb|Register:Inst0|r[14]         ; Merged with RegBank:rb|Register:Inst7|r[0] ;
; RegBank:rb|Register:Inst7|r[0]          ; Stuck at GND due to stuck port data_in     ;
; FSM_test2:fsm2|state~2                  ; Lost fanout                                ;
; FSM_test2:fsm2|state~3                  ; Lost fanout                                ;
; FSM_test2:fsm2|state~4                  ; Lost fanout                                ;
; Total Number of Removed Registers = 147 ;                                            ;
+-----------------------------------------+--------------------------------------------+


+------------------------------------------------------+
; General Register Statistics                          ;
+----------------------------------------------+-------+
; Statistic                                    ; Value ;
+----------------------------------------------+-------+
; Total registers                              ; 104   ;
; Number of registers using Synchronous Clear  ; 0     ;
; Number of registers using Synchronous Load   ; 0     ;
; Number of registers using Asynchronous Clear ; 0     ;
; Number of registers using Asynchronous Load  ; 0     ;
; Number of registers using Clock Enable       ; 96    ;
; Number of registers using Preset             ; 0     ;
+----------------------------------------------+-------+


+----------------------------------------------------------------------------------------------------------------------------------------------+
; Multiplexer Restructuring Statistics (Restructuring Performed)                                                                               ;
+--------------------+-----------+---------------+----------------------+------------------------+------------+--------------------------------+
; Multiplexer Inputs ; Bus Width ; Baseline Area ; Area if Restructured ; Saving if Restructured ; Registered ; Example Multiplexer Output     ;
+--------------------+-----------+---------------+----------------------+------------------------+------------+--------------------------------+
; 8:1                ; 16 bits   ; 80 LEs        ; 80 LEs               ; 0 LEs                  ; No         ; |cpu|RegMux:RDstMux|Mux0       ;
; 9:1                ; 16 bits   ; 96 LEs        ; 64 LEs               ; 32 LEs                 ; No         ; |cpu|TwoInputMux:immMux|out[3] ;
; 13:1               ; 15 bits   ; 120 LEs       ; 120 LEs              ; 0 LEs                  ; No         ; |cpu|alu:alu|Selector14        ;
+--------------------+-----------+---------------+----------------------+------------------------+------------+--------------------------------+


+-------------------------------------------------------------+
; Parameter Settings for User Entity Instance: FSM_test2:fsm2 ;
+----------------+----------+---------------------------------+
; Parameter Name ; Value    ; Type                            ;
+----------------+----------+---------------------------------+
; ADD            ; 00000101 ; Unsigned Binary                 ;
; ADDI           ; 0101XXXX ; Unsigned Binary                 ;
; ADDU           ; 00000110 ; Unsigned Binary                 ;
; ADDUI          ; 0110XXXX ; Unsigned Binary                 ;
; ADDC           ; 00000111 ; Unsigned Binary                 ;
; ADDCI          ; 0111XXXX ; Unsigned Binary                 ;
; MUL            ; 00001110 ; Unsigned Binary                 ;
; MULI           ; 1110XXXX ; Unsigned Binary                 ;
; SUB            ; 00001001 ; Unsigned Binary                 ;
; SUBI           ; 1001XXXX ; Unsigned Binary                 ;
; SUBC           ; 00001010 ; Unsigned Binary                 ;
; SUBCI          ; 1010XXXX ; Unsigned Binary                 ;
; CMP            ; 00001011 ; Unsigned Binary                 ;
; CMPI           ; 1011XXXX ; Unsigned Binary                 ;
; AND            ; 00000001 ; Unsigned Binary                 ;
; ANDI           ; 0001XXXX ; Unsigned Binary                 ;
; OR             ; 00000010 ; Unsigned Binary                 ;
; ORI            ; 0010XXXX ; Unsigned Binary                 ;
; XOR            ; 00000011 ; Unsigned Binary                 ;
; XORI           ; 0011XXXX ; Unsigned Binary                 ;
; MOV            ; 00001101 ; Unsigned Binary                 ;
; MOVI           ; 1101XXXX ; Unsigned Binary                 ;
; LSH            ; 10001000 ; Unsigned Binary                 ;
; LSHI           ; 1000000X ; Unsigned Binary                 ;
; ASHU           ; 10001111 ; Unsigned Binary                 ;
; ASHUI          ; 1000001X ; Unsigned Binary                 ;
; S0             ; 000      ; Unsigned Binary                 ;
; S1             ; 001      ; Unsigned Binary                 ;
; S2             ; 010      ; Unsigned Binary                 ;
; S3             ; 011      ; Unsigned Binary                 ;
; S4             ; 100      ; Unsigned Binary                 ;
; S5             ; 101      ; Unsigned Binary                 ;
; S6             ; 110      ; Unsigned Binary                 ;
; S7             ; 111      ; Unsigned Binary                 ;
+----------------+----------+---------------------------------+
Note: In order to hide this table in the UI and the text report file, please set the "Show Parameter Settings in Synthesis Report" option in "Analysis and Synthesis Settings -> More Settings" to "Off".


+------------------------------------------------------+
; Parameter Settings for User Entity Instance: alu:alu ;
+----------------+----------+--------------------------+
; Parameter Name ; Value    ; Type                     ;
+----------------+----------+--------------------------+
; ADD            ; 00000101 ; Unsigned Binary          ;
; ADDI           ; 0101XXXX ; Unsigned Binary          ;
; ADDU           ; 00000110 ; Unsigned Binary          ;
; ADDUI          ; 0110XXXX ; Unsigned Binary          ;
; ADDC           ; 00000111 ; Unsigned Binary          ;
; ADDCI          ; 0111XXXX ; Unsigned Binary          ;
; MUL            ; 00001110 ; Unsigned Binary          ;
; MULI           ; 1110XXXX ; Unsigned Binary          ;
; SUB            ; 00001001 ; Unsigned Binary          ;
; SUBI           ; 1001XXXX ; Unsigned Binary          ;
; SUBC           ; 00001010 ; Unsigned Binary          ;
; SUBCI          ; 1010XXXX ; Unsigned Binary          ;
; CMP            ; 00001011 ; Unsigned Binary          ;
; CMPI           ; 1011XXXX ; Unsigned Binary          ;
; AND            ; 00000001 ; Unsigned Binary          ;
; ANDI           ; 0001XXXX ; Unsigned Binary          ;
; OR             ; 00000010 ; Unsigned Binary          ;
; ORI            ; 0010XXXX ; Unsigned Binary          ;
; XOR            ; 00000011 ; Unsigned Binary          ;
; XORI           ; 0011XXXX ; Unsigned Binary          ;
; MOV            ; 00001101 ; Unsigned Binary          ;
; MOVI           ; 1101XXXX ; Unsigned Binary          ;
; LSH            ; 10001000 ; Unsigned Binary          ;
; LSHI           ; 1000000X ; Unsigned Binary          ;
; ASHU           ; 10001111 ; Unsigned Binary          ;
; ASHUI          ; 1000001X ; Unsigned Binary          ;
+----------------+----------+--------------------------+
Note: In order to hide this table in the UI and the text report file, please set the "Show Parameter Settings in Synthesis Report" option in "Analysis and Synthesis Settings -> More Settings" to "Off".


+------------------------------------------------------------------------------------------------------------------------------------------------------------------------+
; Port Connectivity Checks: "RegMux:RDstMux"                                                                                                                             ;
+------+-------+----------+----------------------------------------------------------------------------------------------------------------------------------------------+
; Port ; Type  ; Severity ; Details                                                                                                                                      ;
+------+-------+----------+----------------------------------------------------------------------------------------------------------------------------------------------+
; r8   ; Input ; Warning  ; Declared by entity but not connected by instance. If a default value exists, it will be used.  Otherwise, the port will be connected to GND. ;
+------+-------+----------+----------------------------------------------------------------------------------------------------------------------------------------------+


+------------------------------------------------------------------------------------------------------------------------------------------------------------------------+
; Port Connectivity Checks: "RegMux:RSrcMux"                                                                                                                             ;
+------+-------+----------+----------------------------------------------------------------------------------------------------------------------------------------------+
; Port ; Type  ; Severity ; Details                                                                                                                                      ;
+------+-------+----------+----------------------------------------------------------------------------------------------------------------------------------------------+
; r8   ; Input ; Warning  ; Declared by entity but not connected by instance. If a default value exists, it will be used.  Otherwise, the port will be connected to GND. ;
+------+-------+----------+----------------------------------------------------------------------------------------------------------------------------------------------+


+-------------------------------------------------------------------------------------------------------------------------------------+
; Port Connectivity Checks: "RegBank:rb"                                                                                              ;
+------+--------+----------+----------------------------------------------------------------------------------------------------------+
; Port ; Type   ; Severity ; Details                                                                                                  ;
+------+--------+----------+----------------------------------------------------------------------------------------------------------+
; r8   ; Output ; Warning  ; Declared by entity but not connected by instance. Logic that only feeds a dangling port will be removed. ;
+------+--------+----------+----------------------------------------------------------------------------------------------------------+


+------------------------------------------------------------------------------------------------------------------+
; Port Connectivity Checks: "FSM_test2:fsm2"                                                                       ;
+--------+--------+----------+-------------------------------------------------------------------------------------+
; Port   ; Type   ; Severity ; Details                                                                             ;
+--------+--------+----------+-------------------------------------------------------------------------------------+
; flagEn ; Output ; Info     ; Connected to dangling logic. Logic that only feeds a dangling port will be removed. ;
+--------+--------+----------+-------------------------------------------------------------------------------------+


+-----------------------------------------------------+
; Post-Synthesis Netlist Statistics for Top Partition ;
+-----------------------+-----------------------------+
; Type                  ; Count                       ;
+-----------------------+-----------------------------+
; arriav_ff             ; 104                         ;
;     ENA               ; 96                          ;
;     plain             ; 8                           ;
; arriav_lcell_comb     ; 256                         ;
;     arith             ; 49                          ;
;         0 data inputs ; 1                           ;
;         1 data inputs ; 15                          ;
;         2 data inputs ; 1                           ;
;         5 data inputs ; 32                          ;
;     extend            ; 2                           ;
;         7 data inputs ; 2                           ;
;     normal            ; 205                         ;
;         0 data inputs ; 1                           ;
;         1 data inputs ; 5                           ;
;         2 data inputs ; 11                          ;
;         3 data inputs ; 4                           ;
;         4 data inputs ; 63                          ;
;         5 data inputs ; 35                          ;
;         6 data inputs ; 86                          ;
; arriav_mac            ; 1                           ;
; boundary_port         ; 36                          ;
;                       ;                             ;
; Max LUT depth         ; 11.00                       ;
; Average LUT depth     ; 9.13                        ;
+-----------------------+-----------------------------+


+-------------------------------+
; Elapsed Time Per Partition    ;
+----------------+--------------+
; Partition Name ; Elapsed Time ;
+----------------+--------------+
; Top            ; 00:00:01     ;
+----------------+--------------+


+-------------------------------+
; Analysis & Synthesis Messages ;
+-------------------------------+
Info: *******************************************************************
Info: Running Quartus Prime Analysis & Synthesis
    Info: Version 23.1std.1 Build 993 05/14/2024 SC Lite Edition
    Info: Processing started: Tue Sep 16 17:07:27 2025
Info: Command: quartus_map --read_settings_files=on --write_settings_files=off cpu -c cpu
Warning (18236): Number of processors has not been specified which may cause overloading on shared machines.  Set the global assignment NUM_PARALLEL_PROCESSORS in your QSF to an appropriate value for best performance.
Info (20030): Parallel compilation is enabled and will use 4 of the 4 processors detected
Info (12021): Found 1 design units, including 1 entities, in source file mux.v
    Info (12023): Found entity 1: RegMux File: C:/ECE/ECE 3710/GFlipFlops/CPU/Mux.v Line: 1
Info (12021): Found 2 design units, including 2 entities, in source file regfile.v
    Info (12023): Found entity 1: Register File: C:/ECE/ECE 3710/GFlipFlops/CPU/regfile.v Line: 23
    Info (12023): Found entity 2: RegBank File: C:/ECE/ECE 3710/GFlipFlops/CPU/regfile.v Line: 54
Info (12021): Found 1 design units, including 1 entities, in source file seven_seg_hex.v
    Info (12023): Found entity 1: seven_seg_hex File: C:/ECE/ECE 3710/GFlipFlops/CPU/seven_seg_hex.v Line: 1
Info (12021): Found 1 design units, including 1 entities, in source file cpu.v
    Info (12023): Found entity 1: cpu File: C:/ECE/ECE 3710/GFlipFlops/CPU/cpu.v Line: 1
Info (12021): Found 1 design units, including 1 entities, in source file alu_tb.v
    Info (12023): Found entity 1: ALU_tb File: C:/ECE/ECE 3710/GFlipFlops/CPU/ALU_tb.v Line: 2
Info (12021): Found 1 design units, including 1 entities, in source file alu.v
    Info (12023): Found entity 1: alu File: C:/ECE/ECE 3710/GFlipFlops/CPU/alu.v Line: 3
Info (12021): Found 1 design units, including 1 entities, in source file fsm_test2.v
    Info (12023): Found entity 1: FSM_test2 File: C:/ECE/ECE 3710/GFlipFlops/CPU/FSM_test2.v Line: 3
Info (12021): Found 1 design units, including 1 entities, in source file twoinputmuxv.v
    Info (12023): Found entity 1: TwoInputMux File: C:/ECE/ECE 3710/GFlipFlops/CPU/twoInputMuxv.v Line: 1
Warning (10236): Verilog HDL Implicit Net warning at cpu.v(54): created implicit net for "reset" File: C:/ECE/ECE 3710/GFlipFlops/CPU/cpu.v Line: 54
Info (12127): Elaborating entity "cpu" for the top level hierarchy
Info (12128): Elaborating entity "FSM_test2" for hierarchy "FSM_test2:fsm2" File: C:/ECE/ECE 3710/GFlipFlops/CPU/cpu.v Line: 47
Info (12128): Elaborating entity "alu" for hierarchy "alu:alu" File: C:/ECE/ECE 3710/GFlipFlops/CPU/cpu.v Line: 50
Info (12128): Elaborating entity "RegBank" for hierarchy "RegBank:rb" File: C:/ECE/ECE 3710/GFlipFlops/CPU/cpu.v Line: 54
Info (12128): Elaborating entity "Register" for hierarchy "RegBank:rb|Register:Inst0" File: C:/ECE/ECE 3710/GFlipFlops/CPU/regfile.v Line: 66
Info (12128): Elaborating entity "RegMux" for hierarchy "RegMux:RSrcMux" File: C:/ECE/ECE 3710/GFlipFlops/CPU/cpu.v Line: 60
Info (12128): Elaborating entity "TwoInputMux" for hierarchy "TwoInputMux:immMux" File: C:/ECE/ECE 3710/GFlipFlops/CPU/cpu.v Line: 69
Info (12128): Elaborating entity "seven_seg_hex" for hierarchy "seven_seg_hex:a" File: C:/ECE/ECE 3710/GFlipFlops/CPU/cpu.v Line: 74
Warning (12241): 3 hierarchies have connectivity warnings - see the Connectivity Checks report folder
Warning (13024): Output pins are stuck at VCC or GND
    Warning (13410): Pin "flags[0]" is stuck at GND File: C:/ECE/ECE 3710/GFlipFlops/CPU/cpu.v Line: 7
    Warning (13410): Pin "flags[1]" is stuck at GND File: C:/ECE/ECE 3710/GFlipFlops/CPU/cpu.v Line: 7
    Warning (13410): Pin "flags[3]" is stuck at GND File: C:/ECE/ECE 3710/GFlipFlops/CPU/cpu.v Line: 7
Info (286030): Timing-Driven Synthesis is running
Info (17049): 115 registers lost all their fanouts during netlist optimizations.
Info (144001): Generated suppressed messages file C:/ECE/ECE 3710/GFlipFlops/CPU/output_files/cpu.map.smsg
Info (16010): Generating hard_block partition "hard_block:auto_generated_inst"
    Info (16011): Adding 0 node(s), including 0 DDIO, 0 PLL, 0 transceiver and 0 LCELL
Info (21057): Implemented 384 device resources after synthesis - the final resource count might be different
    Info (21058): Implemented 3 input pins
    Info (21059): Implemented 33 output pins
    Info (21061): Implemented 347 logic cells
    Info (21062): Implemented 1 DSP elements
Info: Quartus Prime Analysis & Synthesis was successful. 0 errors, 7 warnings
    Info: Peak virtual memory: 4841 megabytes
    Info: Processing ended: Tue Sep 16 17:07:36 2025
    Info: Elapsed time: 00:00:09
    Info: Total CPU time (on all processors): 00:00:20


+------------------------------------------+
; Analysis & Synthesis Suppressed Messages ;
+------------------------------------------+
The suppressed messages can be found in C:/ECE/ECE 3710/GFlipFlops/CPU/output_files/cpu.map.smsg.


